  Staff.c
C:\Users\Wei Lim\Documents\Final\Final\Staff.c(78,7): warning C4013: 'gets' undefined; assuming extern returning int
C:\Users\Wei Lim\Documents\Final\Final\Staff.c(256,14): warning C4013: 'memberMenu' undefined; assuming extern returning int
C:\Users\Wei Lim\Documents\Final\Final\Staff.c(260,13): warning C4013: 'stockMenu' undefined; assuming extern returning int
C:\Users\Wei Lim\Documents\Final\Final\Staff.c(471,8): warning C4101: 'editingStaff': unreferenced local variable
C:\Users\Wei Lim\Documents\Final\Final\Staff.c(630,20): warning C4047: '=': 'int *' differs in levels of indirection from 'int'
C:\Users\Wei Lim\Documents\Final\Final\Staff.c(631,27): warning C4047: 'function': 'int' differs in levels of indirection from 'int *'
C:\Users\Wei Lim\Documents\Final\Final\Staff.c(631,21): warning C4024: 'saveStaff': different types for formal and actual parameter 2
  Stock.c
C:\Users\Wei Lim\Documents\Final\Final\Stock.c(61,7): warning C4013: 'gets' undefined; assuming extern returning int
C:\Users\Wei Lim\Documents\Final\Final\Stock.c(437,42): warning C4474: 'printf' : too many arguments passed for format string
C:\Users\Wei Lim\Documents\Final\Final\Stock.c(437,42): message : placeholders and their parameters expect 0 variadic arguments, but 1 were provided
  Generating Code...
C:\Users\Wei Lim\Documents\Final\Final\Stock.c(169): warning C4716: 'productSellPrice': must return a value
C:\Users\Wei Lim\Documents\Final\Final\Stock.c(190): warning C4716: 'productSupplierName': must return a value
C:\Users\Wei Lim\Documents\Final\Final\Stock.c(129): warning C4716: 'productName': must return a value
C:\Users\Wei Lim\Documents\Final\Final\Stock.c(99): warning C4716: 'productID': must return a value
C:\Users\Wei Lim\Documents\Final\Final\Stock.c(149): warning C4716: 'productCostPrice': must return a value
C:\Users\Wei Lim\Documents\Final\Final\Stock.c(210): warning C4716: 'productQuantity': must return a value
C:\Users\Wei Lim\Documents\Final\Final\Stock.c(230): warning C4716: 'productQuantitySold': must return a value
C:\Users\Wei Lim\Documents\Final\Final\Stock.c(250): warning C4716: 'productMinimumLevel': must return a value
C:\Users\Wei Lim\Documents\Final\Final\Stock.c(270): warning C4716: 'productReorderQuantity': must return a value
C:\Users\Wei Lim\Documents\Final\Final\Stock.c(422): warning C4716: 'productDate': must return a value
  Final.vcxproj -> C:\Users\Wei Lim\Documents\Final\Final\Debug\Final.exe
